
   Tea Version    1.100
Open MP and MPI Ve
   Task Count      1

 Tea will run from the following input:-

*tea                                                                                                
state 1 density=100.0 energy=0.0001                                                                 
state 2 density=0.1 energy=25.0 geometry=rectangle xmin=0.0 xmax=1.0 ymin=1.0 ymax=2.0              
state 3 density=0.1 energy=0.1 geometry=rectangle xmin=1.0 xmax=6.0 ymin=1.0 ymax=2.0               
state 4 density=0.1 energy=0.1 geometry=rectangle xmin=5.0 xmax=6.0 ymin=1.0 ymax=8.0               
state 5 density=0.1 energy=0.1 geometry=rectangle xmin=5.0 xmax=10.0 ymin=7.0 ymax=8.0              
xmin=0.0                                                                                            
ymin=0.0                                                                                            
xmax=10.0                                                                                           
ymax=10.0                                                                                           
                                                                                                    
initial_timestep=0.004                                                                              
end_step=20                                                                                         
tl_max_iters=5000                                                                                   
                                                                                                    
use_ext_kernels                                                                                     
                                                                                                    
tl_check_result                                                                                     
tl_eps=1.0e-15                                                                                      
                                                                                                    
tl_ch_cg_epslim=0.0001                                                                              
tl_ppcg_inner_steps=350                                                                             
tl_ch_cg_presteps=20                                                                                
x_cells=4096                                                                                        
y_cells=4096                                                                                        
test_problem 14                                                                                     
tl_use_cg                                                                                           
*endtea                                                                                             

 Initialising and generating

 Reading input file

 Reading specification for state            1

            state density   0.1000E+03
             state energy   0.1000E-03

 Reading specification for state            2

            state density   0.1000E+00
             state energy   0.2500E+02
 state geometry rectangular
               state xmin   0.0000E+00
               state xmax   0.1000E+01
               state ymin   0.1000E+01
               state ymax   0.2000E+01

 Reading specification for state            3

            state density   0.1000E+00
             state energy   0.1000E+00
 state geometry rectangular
               state xmin   0.1000E+01
               state xmax   0.6000E+01
               state ymin   0.1000E+01
               state ymax   0.2000E+01

 Reading specification for state            4

            state density   0.1000E+00
             state energy   0.1000E+00
 state geometry rectangular
               state xmin   0.5000E+01
               state xmax   0.6000E+01
               state ymin   0.1000E+01
               state ymax   0.8000E+01

 Reading specification for state            5

            state density   0.1000E+00
             state energy   0.1000E+00
 state geometry rectangular
               state xmin   0.5000E+01
               state xmax   0.1000E+02
               state ymin   0.7000E+01
               state ymax   0.8000E+01

                      xmin  0.0000E+00
                      ymin  0.0000E+00
                      xmax  0.1000E+02
                      ymax  0.1000E+02
         initial_timestep   0.4000E-02
                  end_step          20
           tl_ch_cg_epslim  0.1000E-03
       tl_ppcg_inner_steps         350
         tl_ch_cg_presteps          20
                   x_cells        4096
                   y_cells        4096
              test_problem          14

 Using Extension Kernels

 Input read finished.

 Setting up initial geometry


 Mesh ratio of    1.0000000000000000     
 Decomposing the mesh into            1  by            1  chunks

 Generating chunks

 Problem initialised and generated

 Time    0.0000000000000000     
                       Volume            Mass         Density          Energy               U
 step:      0   0.1000000E+03   0.8398722E+04   0.8398722E+02   0.3494851E+01   0.8423670E+02

 Starting the calculation
 Step       1 time   0.0000000 timestep   4.00E-03
Conduction error  0.9954039E-15
EXACT error calculated as 0.7041686E-14
Iteration count     3002
 Wall clock    42.041977167129517     
 Average time per cell    2.5058971147018383E-006
 Step time per cell       2.5058957930923498E-006
 Step       2 time   0.0040000 timestep   4.00E-03
Conduction error  0.9833488E-15
EXACT error calculated as 0.6638779E-14
Iteration count     2855
 Wall clock    82.025196075439453     
 Average time per cell    2.4445413373541669E-006
 Step time per cell       2.3831838973364938E-006
 Step       3 time   0.0040000 timestep   4.00E-03
Conduction error  0.9562886E-15
EXACT error calculated as 0.5877378E-14
Iteration count     2693
 Wall clock    119.74111008644104     
 Average time per cell    2.3790421105710871E-006
 Step time per cell       2.2480412695813357E-006
 Step       4 time   0.0040000 timestep   4.00E-03
Conduction error  0.9764869E-15
EXACT error calculated as 0.5259360E-14
Iteration count     2531
 Wall clock    155.19586396217346     
 Average time per cell    2.3125985855187992E-006
 Step time per cell       2.1132656939926164E-006
 Step       5 time   0.0040000 timestep   4.00E-03
Conduction error  0.9726515E-15
EXACT error calculated as 0.4578029E-14
Iteration count     2377
 Wall clock    188.49340915679932     
 Average time per cell    2.2470165390586772E-006
 Step time per cell       1.9846859657945970E-006
 Step       6 time   0.0040000 timestep   4.00E-03
Conduction error  0.9997082E-15
EXACT error calculated as 0.3930795E-14
Iteration count     2240
 Wall clock    219.87479019165039     
 Average time per cell    2.1842597940728106E-006
 Step time per cell       1.8704736959307411E-006
 Step       7 time   0.0040000 timestep   4.00E-03
Conduction error  0.9936856E-15
EXACT error calculated as 0.2742527E-14
Iteration count     2115
 Wall clock    249.50475096702576     
 Average time per cell    2.1245202930231244E-006
 Step time per cell       1.7660808566688502E-006
 Step       8 time   0.0040000 timestep   4.00E-03
Conduction error  0.9928456E-15
EXACT error calculated as 0.2628514E-14
Iteration count     2016
 Wall clock    277.74613118171692     
 Average time per cell    2.0693699358531603E-006
 Step time per cell       1.6833149913964007E-006
 Step       9 time   0.0040000 timestep   4.00E-03
Conduction error  0.9727630E-15
EXACT error calculated as 0.2548390E-14
Iteration count     1924
 Wall clock    304.70929002761841     
 Average time per cell    2.0180098879841858E-006
 Step time per cell       1.6071271318196523E-006
 Step      10 time   0.0040000 timestep   4.00E-03
Conduction error  0.9234737E-15
EXACT error calculated as 0.2436302E-14
Iteration count     1826

 Time    4.0000000000000001E-003
                       Volume            Mass         Density          Energy               U
